<?xml version="1.0" encoding="UTF-8" standalone="no"?>
<testsuite failures="0" name="cucumber.runtime.formatter.JUnitFormatter" skipped="0" tests="1" time="0.01509">
<testcase classname="Aakash Prime class feature Test" name="Validate the Login page Test" time="0.01509">
<system-out><![CDATA[Given user is on homepage...................................................skipped
When user first click on login icon.........................................skipped
Then user reach on login page...............................................skipped
Then user now enter the Id and password.....................................skipped
And user click on login button..............................................skipped
]]></system-out>
</testcase>
</testsuite>
